Removed Pin From Net: NetName=NetC3_2 Pin=Q1-2
Removed Pin From Net: NetName=NetB1_1 Pin=Q1-3
Removed Pin From Net: NetName=NetC3_2 Pin=Q2-2
Removed Pin From Net: NetName=NetB1_2 Pin=Q2-3
Removed Pin From Net: NetName=PWM1 Pin=R13-1
Removed Pin From Net: NetName=PWM2 Pin=R14-1
Removed Pin From Net: NetName=NetR13_2 Pin=R15-1
Removed Pin From Net: NetName=CH1 Pin=R15-2
Removed Pin From Net: NetName=CH2 Pin=R16-2
Removed Pin From Net: NetName=CH1 Pin=R17-1
Removed Pin From Net: NetName=GND Pin=R17-2
Removed Pin From Net: NetName=CH2 Pin=R18-1
Removed Pin From Net: NetName=GND Pin=R18-2
Removed Pin From Net: NetName=GND Pin=R19-2
Removed Pin From Net: NetName=GND Pin=R20-2
Removed Pin From Net: NetName=PWM3 Pin=R21-1
Removed Pin From Net: NetName=PWM4 Pin=R22-1
Removed Pin From Net: NetName=CH3 Pin=R23-2
Removed Pin From Net: NetName=CH4 Pin=R24-2
Removed Pin From Net: NetName=CH3 Pin=R25-1
Removed Pin From Net: NetName=GND Pin=R25-2
Removed Pin From Net: NetName=CH4 Pin=R26-1
Removed Pin From Net: NetName=GND Pin=R26-2
Removed Pin From Net: NetName=GND Pin=R27-2
Removed Pin From Net: NetName=GND Pin=R28-2
Removed Pin From Net: NetName=PWM1 Pin=U3-1
Removed Pin From Net: NetName=NetR13_2 Pin=U3-2
Removed Pin From Net: NetName=7.4V Pin=U3-4
Removed Pin From Net: NetName=PWM2 Pin=U3-7
Removed Pin From Net: NetName=PWM3 Pin=U3-8
Removed Pin From Net: NetName=GND Pin=U3-11
Removed Pin From Net: NetName=PWM4 Pin=U3-14
Removed Pin From Net: NetName=3.3V Pin=U5-4
Removed Pin From Net: NetName=5V Pin=U6-4
Removed Member From Class: ClassName=driver Member=R19
Removed Member From Class: ClassName=driver Member=R20
Removed Member From Class: ClassName=driver Member=R21
Removed Member From Class: ClassName=driver Member=R22
Removed Member From Class: ClassName=driver Member=R23
Removed Member From Class: ClassName=driver Member=R24
Removed Member From Class: ClassName=driver Member=R25
Removed Member From Class: ClassName=driver Member=R26
Removed Member From Class: ClassName=driver Member=R27
Removed Member From Class: ClassName=driver Member=R28
Change Component Footprint: Designator=U3 Old Footprint=SOP-14 New Footprint=SOP-8
Change Component Comment : Designator=R15 Old Comment=6.8K New Comment=10R
Change Component Comment : Designator=R16 Old Comment=6.8K New Comment=10R
Change Component Comment : Designator=R18 Old Comment=6.8K New Comment=10R
Change Component Comment : Designator=R13 Old Comment=6.8K New Comment=100K
Change Component Comment : Designator=R17 Old Comment=6.8K New Comment=100K
Change Component Comment : Designator=U3 Old Comment=LM324 New Comment=IR2104
Change Component Comment : Designator=Q1 Old Comment=PMOS New Comment=NMOS
Change Component Comment : Designator=Q2 Old Comment=PMOS New Comment=NMOS
Change Component Designator: OldDesignator=C7 NewDesignator=C9
Change Component Designator: OldDesignator=C8 NewDesignator=C12
Change Component Designator: OldDesignator=C9 NewDesignator=C13
Change Component Designator: OldDesignator=C10 NewDesignator=C14
Change Component Designator: OldDesignator=C11 NewDesignator=C15
Change Component Designator: OldDesignator=C12 NewDesignator=C16
Change Component Designator: OldDesignator=C13 NewDesignator=C17
Change Component Designator: OldDesignator=C14 NewDesignator=C18
Change Component Designator: OldDesignator=C15 NewDesignator=C19
Change Component Designator: OldDesignator=C16 NewDesignator=C20
Change Component Designator: OldDesignator=C17 NewDesignator=C21
Change Component Designator: OldDesignator=C18 NewDesignator=C22
Change Component Designator: OldDesignator=C19 NewDesignator=C23
Change Component Designator: OldDesignator=C20 NewDesignator=C24
Change Component Designator: OldDesignator=C21 NewDesignator=C25
Change Component Designator: OldDesignator=C22 NewDesignator=C26
Change Component Designator: OldDesignator=C23 NewDesignator=C27
Change Component Designator: OldDesignator=C24 NewDesignator=C28
Change Component Designator: OldDesignator=C25 NewDesignator=C29
Change Component Designator: OldDesignator=C26 NewDesignator=C30
Change Component Designator: OldDesignator=C27 NewDesignator=C31
Change Component Designator: OldDesignator=D4 NewDesignator=D5
Change Component Designator: OldDesignator=P5 NewDesignator=P3
Change Component Designator: OldDesignator=P6 NewDesignator=P4
Change Component Designator: OldDesignator=P7 NewDesignator=P5
Change Component Designator: OldDesignator=R11 NewDesignator=R12
Change Component Designator: OldDesignator=R12 NewDesignator=R14
Change Component Designator: OldDesignator=R29 NewDesignator=R19
Change Component Designator: OldDesignator=R30 NewDesignator=R20
Change Component Designator: OldDesignator=R31 NewDesignator=R21
Change Component Designator: OldDesignator=R32 NewDesignator=R22
Change Component Designator: OldDesignator=R33 NewDesignator=R23
Change Component Designator: OldDesignator=R34 NewDesignator=R24
Change Component Designator: OldDesignator=R35 NewDesignator=R25
Change Component Designator: OldDesignator=U4 NewDesignator=U5
Change Component Designator: OldDesignator=U5 NewDesignator=U6
Change Component Designator: OldDesignator=U6 NewDesignator=U7
Change Component Designator: OldDesignator=U7 NewDesignator=U8
Added Component: Designator=C7(C0603)
Add component. Clean all parameters for all variants
Add component (AddParameter): Name = "LatestRevisionDate"; Value = "17-Jul-2002"; VariantName = "[No Variations]"
Add component (AddParameter): Name = "LatestRevisionNote"; Value = "Re-released for DXP Platform."; VariantName = "[No Variations]"
Add component (AddParameter): Name = "PackageDescription"; Value = "Radial Cap, Thru-Hole; 2 Leads; 0.3 in Pin Spacing"; VariantName = "[No Variations]"
Add component (AddParameter): Name = "PackageReference"; Value = "RAD-0.3"; VariantName = "[No Variations]"
Add component (AddParameter): Name = "Published"; Value = "8-Jun-2000"; VariantName = "[No Variations]"
Add component (AddParameter): Name = "Publisher"; Value = "Altium Limited"; VariantName = "[No Variations]"
Add component (AddParameter): Name = "Value"; Value = "100pF"; VariantName = "[No Variations]"
Added Component: Designator=C8(C0603)
Add component. Clean all parameters for all variants
Add component (AddParameter): Name = "LatestRevisionDate"; Value = "17-Jul-2002"; VariantName = "[No Variations]"
Add component (AddParameter): Name = "LatestRevisionNote"; Value = "Re-released for DXP Platform."; VariantName = "[No Variations]"
Add component (AddParameter): Name = "PackageDescription"; Value = "Radial Cap, Thru-Hole; 2 Leads; 0.3 in Pin Spacing"; VariantName = "[No Variations]"
Add component (AddParameter): Name = "PackageReference"; Value = "RAD-0.3"; VariantName = "[No Variations]"
Add component (AddParameter): Name = "Published"; Value = "8-Jun-2000"; VariantName = "[No Variations]"
Add component (AddParameter): Name = "Publisher"; Value = "Altium Limited"; VariantName = "[No Variations]"
Add component (AddParameter): Name = "Value"; Value = "100pF"; VariantName = "[No Variations]"
Added Component: Designator=C10(C0603)
Add component. Clean all parameters for all variants
Add component (AddParameter): Name = "LatestRevisionDate"; Value = "17-Jul-2002"; VariantName = "[No Variations]"
Add component (AddParameter): Name = "LatestRevisionNote"; Value = "Re-released for DXP Platform."; VariantName = "[No Variations]"
Add component (AddParameter): Name = "PackageDescription"; Value = "Radial Cap, Thru-Hole; 2 Leads; 0.3 in Pin Spacing"; VariantName = "[No Variations]"
Add component (AddParameter): Name = "PackageReference"; Value = "RAD-0.3"; VariantName = "[No Variations]"
Add component (AddParameter): Name = "Published"; Value = "8-Jun-2000"; VariantName = "[No Variations]"
Add component (AddParameter): Name = "Publisher"; Value = "Altium Limited"; VariantName = "[No Variations]"
Add component (AddParameter): Name = "Value"; Value = "100pF"; VariantName = "[No Variations]"
Added Component: Designator=C11(C0603)
Add component. Clean all parameters for all variants
Add component (AddParameter): Name = "LatestRevisionDate"; Value = "17-Jul-2002"; VariantName = "[No Variations]"
Add component (AddParameter): Name = "LatestRevisionNote"; Value = "Re-released for DXP Platform."; VariantName = "[No Variations]"
Add component (AddParameter): Name = "PackageDescription"; Value = "Radial Cap, Thru-Hole; 2 Leads; 0.3 in Pin Spacing"; VariantName = "[No Variations]"
Add component (AddParameter): Name = "PackageReference"; Value = "RAD-0.3"; VariantName = "[No Variations]"
Add component (AddParameter): Name = "Published"; Value = "8-Jun-2000"; VariantName = "[No Variations]"
Add component (AddParameter): Name = "Publisher"; Value = "Altium Limited"; VariantName = "[No Variations]"
Add component (AddParameter): Name = "Value"; Value = "100pF"; VariantName = "[No Variations]"
Added Component: Designator=D4(SMA)
Add component. Clean all parameters for all variants
Add component (AddParameter): Name = "Code_JEDEC"; Value = "DO-204-AL"; VariantName = "[No Variations]"
Add component (AddParameter): Name = "ComponentLink1Description"; Value = "Manufacturer Link"; VariantName = "[No Variations]"
Add component (AddParameter): Name = "ComponentLink1URL"; Value = "http://www.fairchildsemi.com/"; VariantName = "[No Variations]"
Add component (AddParameter): Name = "ComponentLink2Description"; Value = "Datasheet"; VariantName = "[No Variations]"
Add component (AddParameter): Name = "ComponentLink2URL"; Value = "http://www.fairchildsemi.com/ds/1N%2F1N4001.pdf"; VariantName = "[No Variations]"
Add component (AddParameter): Name = "DatasheetVersion"; Value = "1998"; VariantName = "[No Variations]"
Add component (AddParameter): Name = "LatestRevisionDate"; Value = "17-Jul-2002"; VariantName = "[No Variations]"
Add component (AddParameter): Name = "LatestRevisionNote"; Value = "Re-released for DXP Platform."; VariantName = "[No Variations]"
Add component (AddParameter): Name = "PackageDescription"; Value = "Diode, Axial; Body 5.2 x 2.7 mm (LxDia. max), Lead Dia. 0.86 mm (max)"; VariantName = "[No Variations]"
Add component (AddParameter): Name = "PackageReference"; Value = "DO-41"; VariantName = "[No Variations]"
Add component (AddParameter): Name = "PackageVersion"; Value = "Aug-1999"; VariantName = "[No Variations]"
Add component (AddParameter): Name = "Published"; Value = "8-Jun-2000"; VariantName = "[No Variations]"
Add component (AddParameter): Name = "Publisher"; Value = "Altium Limited"; VariantName = "[No Variations]"
Added Component: Designator=D6(SMA)
Add component. Clean all parameters for all variants
Add component (AddParameter): Name = "Code_JEDEC"; Value = "DO-204-AL"; VariantName = "[No Variations]"
Add component (AddParameter): Name = "ComponentLink1Description"; Value = "Manufacturer Link"; VariantName = "[No Variations]"
Add component (AddParameter): Name = "ComponentLink1URL"; Value = "http://www.fairchildsemi.com/"; VariantName = "[No Variations]"
Add component (AddParameter): Name = "ComponentLink2Description"; Value = "Datasheet"; VariantName = "[No Variations]"
Add component (AddParameter): Name = "ComponentLink2URL"; Value = "http://www.fairchildsemi.com/ds/1N%2F1N4001.pdf"; VariantName = "[No Variations]"
Add component (AddParameter): Name = "DatasheetVersion"; Value = "1998"; VariantName = "[No Variations]"
Add component (AddParameter): Name = "LatestRevisionDate"; Value = "17-Jul-2002"; VariantName = "[No Variations]"
Add component (AddParameter): Name = "LatestRevisionNote"; Value = "Re-released for DXP Platform."; VariantName = "[No Variations]"
Add component (AddParameter): Name = "PackageDescription"; Value = "Diode, Axial; Body 5.2 x 2.7 mm (LxDia. max), Lead Dia. 0.86 mm (max)"; VariantName = "[No Variations]"
Add component (AddParameter): Name = "PackageReference"; Value = "DO-41"; VariantName = "[No Variations]"
Add component (AddParameter): Name = "PackageVersion"; Value = "Aug-1999"; VariantName = "[No Variations]"
Add component (AddParameter): Name = "Published"; Value = "8-Jun-2000"; VariantName = "[No Variations]"
Add component (AddParameter): Name = "Publisher"; Value = "Altium Limited"; VariantName = "[No Variations]"
Added Component: Designator=R11(R0603)
Add component. Clean all parameters for all variants
Add component (AddParameter): Name = "LatestRevisionDate"; Value = "17-Jul-2002"; VariantName = "[No Variations]"
Add component (AddParameter): Name = "LatestRevisionNote"; Value = "Re-released for DXP Platform."; VariantName = "[No Variations]"
Add component (AddParameter): Name = "PackageDescription"; Value = "Axial Device, Thru-Hole; 2 Leads; 0.4 in Pin Spacing"; VariantName = "[No Variations]"
Add component (AddParameter): Name = "PackageReference"; Value = "AXIAL-0.4"; VariantName = "[No Variations]"
Add component (AddParameter): Name = "Published"; Value = "8-Jun-2000"; VariantName = "[No Variations]"
Add component (AddParameter): Name = "Publisher"; Value = "Altium Limited"; VariantName = "[No Variations]"
Add component (AddParameter): Name = "Value"; Value = "1K"; VariantName = "[No Variations]"
Added Component: Designator=U4(SOP-8)
Add component. Clean all parameters for all variants
Added Pin To Net: NetName=7.4V Pin=C7-1
Added Pin To Net: NetName=GND Pin=C7-2
Added Pin To Net: NetName=NetB1_1 Pin=C8-2
Added Pin To Net: NetName=7.4V Pin=C10-1
Added Pin To Net: NetName=GND Pin=C10-2
Added Pin To Net: NetName=NetB1_2 Pin=C11-2
Added Pin To Net: NetName=7.4V Pin=D4-1
Added Pin To Net: NetName=7.4V Pin=D6-1
Added Pin To Net: NetName=NetB1_1 Pin=Q1-2
Added Pin To Net: NetName=NetC3_2 Pin=Q1-3
Added Pin To Net: NetName=NetB1_2 Pin=Q2-2
Added Pin To Net: NetName=NetC3_2 Pin=Q2-3
Added Pin To Net: NetName=PWM1 Pin=R11-2
Added Pin To Net: NetName=7.4V Pin=R13-1
Added Pin To Net: NetName=PWM2 Pin=R15-2
Added Pin To Net: NetName=PWM4 Pin=R16-2
Added Pin To Net: NetName=7.4V Pin=R17-1
Added Pin To Net: NetName=PWM3 Pin=R18-2
Added Pin To Net: NetName=7.4V Pin=U3-1
Added Pin To Net: NetName=CH1 Pin=U3-2
Added Pin To Net: NetName=NetR13_2 Pin=U3-3
Added Pin To Net: NetName=GND Pin=U3-4
Added Pin To Net: NetName=NetB1_1 Pin=U3-6
Added Pin To Net: NetName=7.4V Pin=U4-1
Added Pin To Net: NetName=CH2 Pin=U4-2
Added Pin To Net: NetName=GND Pin=U4-4
Added Pin To Net: NetName=NetB1_2 Pin=U4-6
Change Net Name : Old Net Name=NetB1_1 New Net Name=N1
Change Net Name : Old Net Name=NetB1_2 New Net Name=N2
Change Net Name : Old Net Name=NetC9_1 New Net Name=NetC13_1
Change Net Name : Old Net Name=NetC9_2 New Net Name=NetC13_2
Change Net Name : Old Net Name=NetC13_2 New Net Name=NetC17_2
Change Net Name : Old Net Name=NetC14_2 New Net Name=NetC18_2
Change Net Name : Old Net Name=NetP5_2 New Net Name=NetP3_2
Change Net Name : Old Net Name=NetR29_1 New Net Name=NetR19_1
Change Net Name : Old Net Name=NetR30_1 New Net Name=NetR20_1
Change Net Name : Old Net Name=NetR31_1 New Net Name=NetR21_1
Change Net Name : Old Net Name=NetR31_2 New Net Name=NetR21_2
Added Pin To Net: NetName=NetC8_1 Pin=C8-1
Added Pin To Net: NetName=NetC8_1 Pin=D4-2
Added Pin To Net: NetName=NetC8_1 Pin=U3-8
Added Net: Name=NetC8_1
Added Pin To Net: NetName=NetC11_1 Pin=C11-1
Added Pin To Net: NetName=NetC11_1 Pin=D6-2
Added Pin To Net: NetName=NetC11_1 Pin=U4-8
Added Net: Name=NetC11_1
Added Pin To Net: NetName=NetR11_1 Pin=R11-1
Added Pin To Net: NetName=NetR11_1 Pin=U3-7
Added Net: Name=NetR11_1
Added Pin To Net: NetName=NetR15_1 Pin=R15-1
Added Pin To Net: NetName=NetR15_1 Pin=U3-5
Added Net: Name=NetR15_1
Added Pin To Net: NetName=NetR16_1 Pin=R16-1
Added Pin To Net: NetName=NetR16_1 Pin=U4-7
Added Net: Name=NetR16_1
Added Pin To Net: NetName=NetR17_2 Pin=R17-2
Added Pin To Net: NetName=NetR17_2 Pin=U4-3
Added Net: Name=NetR17_2
Added Pin To Net: NetName=NetR18_1 Pin=R18-1
Added Pin To Net: NetName=NetR18_1 Pin=U4-5
Added Net: Name=NetR18_1
Added Member To Class: ClassName=driver Member=Component C9 0.1uF
Added Member To Class: ClassName=driver Member=Component C10 0.1uF
Added Member To Class: ClassName=driver Member=Component C11 1nF
Added Member To Class: ClassName=driver Member=Component C12 0.1uF
Added Member To Class: ClassName=driver Member=Component D5 SS34
Added Member To Class: ClassName=driver Member=Component D6 SS34
Added Member To Class: ClassName=driver Member=Component U4 IR2104
Added Member To Class: ClassName=SCX10 Member=Component U8 STM32F103C8T6
Added Room: Name=driver
Added Room: Name=power
Added Room: Name=SCX10
