Removed Pin From Net: NetName=GND Pin=U?-1
Removed Pin From Net: NetName=GND Pin=U?-2
Removed Pin From Net: NetName=GND Pin=U?-4
Removed Pin From Net: NetName=EN Pin=U?-6
Removed Pin From Net: NetName=PWMB Pin=U?-8
Removed Pin From Net: NetName=GND Pin=U?-10
Removed Pin From Net: NetName=PWMA Pin=U?-11
Removed Pin From Net: NetName=GND Pin=U?-13
Change Component Designator: OldDesignator=B? NewDesignator=B1
Change Component Designator: OldDesignator=C? NewDesignator=C1
Change Component Designator: OldDesignator=C? NewDesignator=C2
Change Component Designator: OldDesignator=C? NewDesignator=C3
Change Component Designator: OldDesignator=C? NewDesignator=C4
Change Component Designator: OldDesignator=C? NewDesignator=C5
Change Component Designator: OldDesignator=P? NewDesignator=P1
Change Component Designator: OldDesignator=P? NewDesignator=P3
Change Component Designator: OldDesignator=R? NewDesignator=R13
Change Component Designator: OldDesignator=R? NewDesignator=R14
Change Component Designator: OldDesignator=R? NewDesignator=R15
Change Component Designator: OldDesignator=R? NewDesignator=R16
Change Component Designator: OldDesignator=R? NewDesignator=R17
Change Component Designator: OldDesignator=R? NewDesignator=R18
Change Component Designator: OldDesignator=R? NewDesignator=R19
Change Component Designator: OldDesignator=R? NewDesignator=R20
Change Component Designator: OldDesignator=R? NewDesignator=R21
Change Component Designator: OldDesignator=R? NewDesignator=R22
Change Component Designator: OldDesignator=R? NewDesignator=R23
Change Component Designator: OldDesignator=R? NewDesignator=R24
Change Component Designator: OldDesignator=R? NewDesignator=R25
Change Component Designator: OldDesignator=U? NewDesignator=U1
Change Component Designator: OldDesignator=U? NewDesignator=U3
Change Component Designator: OldDesignator=U? NewDesignator=U8
Added Pin To Net: NetName=GND Pin=U1-1
Added Pin To Net: NetName=GND Pin=U1-2
Added Pin To Net: NetName=GND Pin=U1-4
Added Pin To Net: NetName=EN Pin=U1-6
Added Pin To Net: NetName=PWMB Pin=U1-8
Added Pin To Net: NetName=GND Pin=U1-10
Added Pin To Net: NetName=PWMA Pin=U1-11
Added Pin To Net: NetName=GND Pin=U1-13
Change Net Name : Old Net Name=NetB?_1 New Net Name=NetB1_1
Change Net Name : Old Net Name=NetB?_2 New Net Name=NetB1_2
Change Net Name : Old Net Name=NetR?_1 New Net Name=NetR20_2
Added Pin To Net: NetName=NetR13_2 Pin=R13-2
Added Pin To Net: NetName=NetR13_2 Pin=U1-12
Added Net: Name=NetR13_2
Added Pin To Net: NetName=NetR14_2 Pin=R14-2
Added Pin To Net: NetName=NetR14_2 Pin=U1-9
Added Net: Name=NetR14_2
Added Pin To Net: NetName=NetR15_2 Pin=R15-2
Added Pin To Net: NetName=NetR15_2 Pin=U1-5
Added Net: Name=NetR15_2
Added Pin To Net: NetName=NetR21_1 Pin=R21-1
Added Pin To Net: NetName=NetR21_1 Pin=R25-1
Added Pin To Net: NetName=NetR21_1 Pin=U8-6
Added Net: Name=NetR21_1
Added Pin To Net: NetName=NetR23_1 Pin=R23-1
Added Pin To Net: NetName=NetR23_1 Pin=U3-5
Added Net: Name=NetR23_1
Added Pin To Net: NetName=NetR24_1 Pin=R24-1
Added Pin To Net: NetName=NetR24_1 Pin=U8-5
Added Net: Name=NetR24_1
Added Member To Class: ClassName=driver Member=Component C2 0.1uF
Added Member To Class: ClassName=driver Member=Component C3 4.7uF/16V
Added Member To Class: ClassName=driver Member=Component C4 4.7uF/16V
Added Member To Class: ClassName=driver Member=Component C5 10uF
Added Member To Class: ClassName=driver Member=Component P1 Header 3
Added Member To Class: ClassName=driver Member=Component R13 4.7K
Added Member To Class: ClassName=driver Member=Component R14 4.7K
Added Member To Class: ClassName=driver Member=Component R15 4.7K
Added Member To Class: ClassName=driver Member=Component R17 1K
Added Member To Class: ClassName=driver Member=Component R18 1K
Added Member To Class: ClassName=driver Member=Component R19 1K
Added Member To Class: ClassName=driver Member=Component R20 1K
Added Member To Class: ClassName=driver Member=Component R21 1K
Added Member To Class: ClassName=driver Member=Component R22 510R
Added Member To Class: ClassName=driver Member=Component R23 510R
Added Member To Class: ClassName=driver Member=Component R24 510R
Added Member To Class: ClassName=driver Member=Component R25 510R
Added Member To Class: ClassName=driver Member=Component U1 SN74LV125A-PW
Added Member To Class: ClassName=driver Member=Component U8 BTN7971B
