Removed Pin From Net: NetName=3.3V Pin=U5-4
Removed Pin From Net: NetName=5V Pin=U6-4
Added Component: Designator=R26(R0603)
Add component. Clean all parameters for all variants
Add component (AddParameter): Name = "LatestRevisionDate"; Value = "17-Jul-2002"; VariantName = "[No Variations]"
Add component (AddParameter): Name = "LatestRevisionNote"; Value = "Re-released for DXP Platform."; VariantName = "[No Variations]"
Add component (AddParameter): Name = "PackageDescription"; Value = "Axial Device, Thru-Hole; 2 Leads; 0.4 in Pin Spacing"; VariantName = "[No Variations]"
Add component (AddParameter): Name = "PackageReference"; Value = "AXIAL-0.4"; VariantName = "[No Variations]"
Add component (AddParameter): Name = "Published"; Value = "8-Jun-2000"; VariantName = "[No Variations]"
Add component (AddParameter): Name = "Publisher"; Value = "Altium Limited"; VariantName = "[No Variations]"
Add component (AddParameter): Name = "Value"; Value = "1K"; VariantName = "[No Variations]"
Added Pin To Net: NetName=NetR15_2 Pin=R26-2
Added Pin To Net: NetName=EN_Motor Pin=R26-1
Added Pin To Net: NetName=EN_Motor Pin=U7-18
Added Net: Name=EN_Motor
Added Member To Class: ClassName=driver Member=Component B1 Motor
Added Member To Class: ClassName=driver Member=Component C1 0.1uF
Added Member To Class: ClassName=SCX10 Member=Component C27 0.1uF
Added Member To Class: ClassName=driver Member=Component R16 1K
Added Member To Class: ClassName=driver Member=Component R26 4.7K
Added Member To Class: ClassName=driver Member=Component U3 BTN7971B
Added Member To Class: ClassName=SCX10 Member=Component U7 STM32F103C8T6
