Removed Pin From Net: NetName=3.3V Pin=U5-4
Removed Pin From Net: NetName=5V Pin=U6-4
Removed Member From Class: ClassName=power Member=C7
Removed Member From Class: ClassName=SCX10 Member=C15
Removed Member From Class: ClassName=driver Member=C21
Removed Member From Class: ClassName=driver Member=C22
Removed Member From Class: ClassName=driver Member=C24
Removed Member From Class: ClassName=driver Member=C27
Removed Member From Class: ClassName=power Member=C30
Removed Member From Class: ClassName=power Member=P7
Removed Member From Class: ClassName=driver Member=U6
Removed Member From Class: ClassName=SCX10 Member=U6
Change Component Footprint: Designator=D5 Old Footprint=SMA New Footprint=C0603
Change Component Footprint: Designator=D6 Old Footprint=SMA New Footprint=C0603
Change Component Comment : Designator=D5 Old Comment=SS34 New Comment=1N5819
Change Component Comment : Designator=D6 Old Comment=SS34 New Comment=1N5819
Added Member To Class: ClassName=power Member=Component C9 0.1uF
Added Member To Class: ClassName=power Member=Component C10 22uF
Added Member To Class: ClassName=SCX10 Member=Component C23 0.1uF
Added Member To Class: ClassName=driver Member=Component C28 0.1uF
Added Member To Class: ClassName=driver Member=Component C29 1nF
Added Member To Class: ClassName=driver Member=Component C30 0.1uF
Added Member To Class: ClassName=driver Member=Component C31 1nF
Added Member To Class: ClassName=driver Member=Component D4 SS34
Added Member To Class: ClassName=power Member=Component P5 7.4V
Added Member To Class: ClassName=driver Member=Component R11 10K
Added Member To Class: ClassName=SCX10 Member=Component U7 STM32F103C8T6
Added Member To Class: ClassName=driver Member=Component U8 IR2104
