Removed Member From Class: ClassName=driver Member=C13
Removed Member From Class: ClassName=driver Member=C16
Removed Member From Class: ClassName=driver Member=C18
Removed Member From Class: ClassName=driver Member=C19
Removed Member From Class: ClassName=power Member=C25
Removed Member From Class: ClassName=power Member=C26
Removed Member From Class: ClassName=power Member=C28
Removed Member From Class: ClassName=driver Member=U5
Change Component Designator: OldDesignator=C7 NewDesignator=C28
Change Component Designator: OldDesignator=C8 NewDesignator=C29
Change Component Designator: OldDesignator=C9 NewDesignator=C7
Change Component Designator: OldDesignator=C10 NewDesignator=C30
Change Component Designator: OldDesignator=C11 NewDesignator=C31
Change Component Designator: OldDesignator=C12 NewDesignator=C8
Change Component Designator: OldDesignator=C13 NewDesignator=C9
Change Component Designator: OldDesignator=C14 NewDesignator=C10
Change Component Designator: OldDesignator=C15 NewDesignator=C11
Change Component Designator: OldDesignator=C16 NewDesignator=C12
Change Component Designator: OldDesignator=C17 NewDesignator=C13
Change Component Designator: OldDesignator=C18 NewDesignator=C14
Change Component Designator: OldDesignator=C19 NewDesignator=C15
Change Component Designator: OldDesignator=C20 NewDesignator=C16
Change Component Designator: OldDesignator=C21 NewDesignator=C17
Change Component Designator: OldDesignator=C22 NewDesignator=C18
Change Component Designator: OldDesignator=C23 NewDesignator=C19
Change Component Designator: OldDesignator=C24 NewDesignator=C20
Change Component Designator: OldDesignator=C25 NewDesignator=C21
Change Component Designator: OldDesignator=C26 NewDesignator=C22
Change Component Designator: OldDesignator=C27 NewDesignator=C23
Change Component Designator: OldDesignator=C28 NewDesignator=C24
Change Component Designator: OldDesignator=C29 NewDesignator=C25
Change Component Designator: OldDesignator=C30 NewDesignator=C26
Change Component Designator: OldDesignator=C31 NewDesignator=C27
Change Component Designator: OldDesignator=D4 NewDesignator=D5
Change Component Designator: OldDesignator=D5 NewDesignator=D4
Change Component Designator: OldDesignator=P3 NewDesignator=P5
Change Component Designator: OldDesignator=P4 NewDesignator=P6
Change Component Designator: OldDesignator=P5 NewDesignator=P7
Change Component Designator: OldDesignator=R11 NewDesignator=R13
Change Component Designator: OldDesignator=R12 NewDesignator=R11
Change Component Designator: OldDesignator=R13 NewDesignator=R14
Change Component Designator: OldDesignator=R14 NewDesignator=R12
Change Component Designator: OldDesignator=R19 NewDesignator=R29
Change Component Designator: OldDesignator=R20 NewDesignator=R30
Change Component Designator: OldDesignator=R21 NewDesignator=R31
Change Component Designator: OldDesignator=R22 NewDesignator=R32
Change Component Designator: OldDesignator=R23 NewDesignator=R33
Change Component Designator: OldDesignator=R24 NewDesignator=R34
Change Component Designator: OldDesignator=R25 NewDesignator=R35
Change Component Designator: OldDesignator=U4 NewDesignator=U8
Change Component Designator: OldDesignator=U5 NewDesignator=U4
Change Component Designator: OldDesignator=U6 NewDesignator=U5
Change Component Designator: OldDesignator=U7 NewDesignator=U6
Change Component Designator: OldDesignator=U8 NewDesignator=U7
Change Net Name : Old Net Name=NetC8_1 New Net Name=NetC29_1
Change Net Name : Old Net Name=NetC11_1 New Net Name=NetC31_1
Change Net Name : Old Net Name=NetC13_1 New Net Name=NetC9_1
Change Net Name : Old Net Name=NetC13_2 New Net Name=NetC9_2
Change Net Name : Old Net Name=NetC17_2 New Net Name=NetC13_2
Change Net Name : Old Net Name=NetC18_2 New Net Name=NetC14_2
Change Net Name : Old Net Name=NetP3_2 New Net Name=NetP5_2
Change Net Name : Old Net Name=NetR11_1 New Net Name=NetR13_1
Change Net Name : Old Net Name=NetR13_2 New Net Name=NetR14_2
Change Net Name : Old Net Name=NetR19_1 New Net Name=NetR29_1
Change Net Name : Old Net Name=NetR20_1 New Net Name=NetR30_1
Change Net Name : Old Net Name=NetR21_1 New Net Name=NetR31_1
Change Net Name : Old Net Name=NetR21_2 New Net Name=NetR31_2
Added Member To Class: ClassName=power Member=Component C17 22uF
Added Member To Class: ClassName=power Member=Component C18 10uF
Added Member To Class: ClassName=power Member=Component C20 22uF
Added Member To Class: ClassName=driver Member=Component C28 0.1uF
Added Member To Class: ClassName=driver Member=Component C29 1nF
Added Member To Class: ClassName=driver Member=Component C30 0.1uF
Added Member To Class: ClassName=driver Member=Component C31 1nF
Added Member To Class: ClassName=driver Member=Component D5 SS34
Added Member To Class: ClassName=driver Member=Component R14 100K
Added Member To Class: ClassName=power Member=Component R29 20R
Added Member To Class: ClassName=power Member=Component R30 100K
Added Member To Class: ClassName=power Member=Component R31 20K
Added Member To Class: ClassName=power Member=Component R32 40.2K
Added Member To Class: ClassName=power Member=Component R33 75K
Added Member To Class: ClassName=power Member=Component R34 7.5K
Added Member To Class: ClassName=SCX10 Member=Component R35 10K
Added Member To Class: ClassName=driver Member=Component U8 IR2104
Added Room: Name=driver
Added Room: Name=power
