Removed Pin From Net: NetName=GND Pin=C1-1
Removed Pin From Net: NetName=GND Pin=C2-1
Removed Pin From Net: NetName=5V Pin=C2-2
Removed Pin From Net: NetName=GND Pin=C5-1
Removed Pin From Net: NetName=GND Pin=C6-1
Removed Pin From Net: NetName=7.4V Pin=C28-1
Removed Pin From Net: NetName=GND Pin=C28-2
Removed Pin From Net: NetName=7.4V Pin=C30-1
Removed Pin From Net: NetName=GND Pin=C30-2
Removed Pin From Net: NetName=GND Pin=D3-1
Removed Pin From Net: NetName=GND Pin=D4-1
Removed Pin From Net: NetName=7.4V Pin=D5-1
Removed Pin From Net: NetName=7.4V Pin=D6-1
Removed Pin From Net: NetName=3.3V Pin=P1-1
Removed Pin From Net: NetName=TX Pin=P1-2
Removed Pin From Net: NetName=RX Pin=P1-3
Removed Pin From Net: NetName=GND Pin=P1-4
Removed Pin From Net: NetName=B_LED Pin=Q3-1
Removed Pin From Net: NetName=R_LED Pin=Q4-1
Removed Pin From Net: NetName=L_LED Pin=Q5-1
Removed Pin From Net: NetName=F_LED Pin=Q6-1
Removed Pin From Net: NetName=GND Pin=Q7-2
Removed Pin From Net: NetName=GND Pin=Q8-2
Removed Pin From Net: NetName=B_LED Pin=R7-1
Removed Pin From Net: NetName=R_LED Pin=R8-1
Removed Pin From Net: NetName=L_LED Pin=R9-1
Removed Pin From Net: NetName=F_LED Pin=R10-1
Removed Pin From Net: NetName=7.4V Pin=R14-1
Removed Pin From Net: NetName=7.4V Pin=R17-1
Removed Pin From Net: NetName=7.4V Pin=U1-1
Removed Pin From Net: NetName=7.4V Pin=U1-2
Removed Pin From Net: NetName=GND Pin=U1-5
Removed Pin From Net: NetName=5V Pin=U1-8
Removed Pin From Net: NetName=7.4V Pin=U3-1
Removed Pin From Net: NetName=CH1 Pin=U3-2
Removed Pin From Net: NetName=GND Pin=U3-4
Removed Pin From Net: NetName=3.3V Pin=U5-4
Removed Pin From Net: NetName=5V Pin=U6-4
Removed Pin From Net: NetName=7.4V Pin=U8-1
Removed Pin From Net: NetName=CH2 Pin=U8-2
Removed Pin From Net: NetName=GND Pin=U8-4
Removed Member From Class: ClassName=driver Member=B1
Removed Member From Class: ClassName=driver Member=C1
Removed Member From Class: ClassName=driver Member=C2
Removed Member From Class: ClassName=driver Member=C3
Removed Member From Class: ClassName=driver Member=C4
Removed Member From Class: ClassName=driver Member=C5
Removed Member From Class: ClassName=driver Member=C6
Removed Member From Class: ClassName=driver Member=C28
Removed Member From Class: ClassName=driver Member=C29
Removed Member From Class: ClassName=driver Member=C30
Removed Member From Class: ClassName=driver Member=C31
Removed Member From Class: ClassName=driver Member=D1
Removed Member From Class: ClassName=driver Member=D2
Removed Member From Class: ClassName=driver Member=D3
Removed Member From Class: ClassName=driver Member=D4
Removed Member From Class: ClassName=driver Member=D5
Removed Member From Class: ClassName=driver Member=D6
Removed Member From Class: ClassName=driver Member=P1
Removed Member From Class: ClassName=driver Member=Q1
Removed Member From Class: ClassName=driver Member=Q2
Removed Member From Class: ClassName=driver Member=Q7
Removed Member From Class: ClassName=driver Member=Q8
Removed Member From Class: ClassName=driver Member=R13
Removed Member From Class: ClassName=driver Member=R14
Removed Member From Class: ClassName=driver Member=R15
Removed Member From Class: ClassName=driver Member=R16
Removed Member From Class: ClassName=driver Member=R17
Removed Member From Class: ClassName=driver Member=R18
Removed Member From Class: ClassName=driver Member=U1
Removed Member From Class: ClassName=driver Member=U3
Removed Member From Class: ClassName=driver Member=U8
Change Component Footprint: Designator=LED1 Old Footprint=XH2.5-2P New Footprint=HDR1X2
Change Component Footprint: Designator=LED2 Old Footprint=XH2.5-2P New Footprint=HDR1X2
Change Component Footprint: Designator=LED3 Old Footprint=XH2.5-2P New Footprint=HDR1X2
Change Component Footprint: Designator=LED4 Old Footprint=XH2.5-2P New Footprint=HDR1X2
Change Component Comment : Designator=C8 Old Comment=0.1uF New Comment=10uF
Added Component: Designator=B?(7.4V)
Add component. Clean all parameters for all variants
Add component (AddParameter): Name = "LatestRevisionDate"; Value = "17-Jul-2002"; VariantName = "[No Variations]"
Add component (AddParameter): Name = "LatestRevisionNote"; Value = "Re-released for DXP Platform."; VariantName = "[No Variations]"
Add component (AddParameter): Name = "PackageDescription"; Value = "Capacitor (Radial); 2 Leads"; VariantName = "[No Variations]"
Add component (AddParameter): Name = "PackageReference"; Value = "RB5-10.5"; VariantName = "[No Variations]"
Add component (AddParameter): Name = "Published"; Value = "24-Mar-1999"; VariantName = "[No Variations]"
Add component (AddParameter): Name = "Publisher"; Value = "Altium Limited"; VariantName = "[No Variations]"
Added Component: Designator=C?(C0603)
Add component. Clean all parameters for all variants
Add component (AddParameter): Name = "LatestRevisionDate"; Value = "17-Jul-2002"; VariantName = "[No Variations]"
Add component (AddParameter): Name = "LatestRevisionNote"; Value = "Re-released for DXP Platform."; VariantName = "[No Variations]"
Add component (AddParameter): Name = "PackageDescription"; Value = "Radial Cap, Thru-Hole; 2 Leads; 0.3 in Pin Spacing"; VariantName = "[No Variations]"
Add component (AddParameter): Name = "PackageReference"; Value = "RAD-0.3"; VariantName = "[No Variations]"
Add component (AddParameter): Name = "Published"; Value = "8-Jun-2000"; VariantName = "[No Variations]"
Add component (AddParameter): Name = "Publisher"; Value = "Altium Limited"; VariantName = "[No Variations]"
Add component (AddParameter): Name = "Value"; Value = "100pF"; VariantName = "[No Variations]"
Added Component: Designator=C?(C0603)
Add component. Clean all parameters for all variants
Add component (AddParameter): Name = "LatestRevisionDate"; Value = "17-Jul-2002"; VariantName = "[No Variations]"
Add component (AddParameter): Name = "LatestRevisionNote"; Value = "Re-released for DXP Platform."; VariantName = "[No Variations]"
Add component (AddParameter): Name = "PackageDescription"; Value = "Radial Cap, Thru-Hole; 2 Leads; 0.3 in Pin Spacing"; VariantName = "[No Variations]"
Add component (AddParameter): Name = "PackageReference"; Value = "RAD-0.3"; VariantName = "[No Variations]"
Add component (AddParameter): Name = "Published"; Value = "8-Jun-2000"; VariantName = "[No Variations]"
Add component (AddParameter): Name = "Publisher"; Value = "Altium Limited"; VariantName = "[No Variations]"
Add component (AddParameter): Name = "Value"; Value = "100pF"; VariantName = "[No Variations]"
Added Component: Designator=C?(C0603)
Add component. Clean all parameters for all variants
Add component (AddParameter): Name = "LatestRevisionDate"; Value = "17-Jul-2002"; VariantName = "[No Variations]"
Add component (AddParameter): Name = "LatestRevisionNote"; Value = "Re-released for DXP Platform."; VariantName = "[No Variations]"
Add component (AddParameter): Name = "PackageDescription"; Value = "Radial Cap, Thru-Hole; 2 Leads; 0.3 in Pin Spacing"; VariantName = "[No Variations]"
Add component (AddParameter): Name = "PackageReference"; Value = "RAD-0.3"; VariantName = "[No Variations]"
Add component (AddParameter): Name = "Published"; Value = "8-Jun-2000"; VariantName = "[No Variations]"
Add component (AddParameter): Name = "Publisher"; Value = "Altium Limited"; VariantName = "[No Variations]"
Add component (AddParameter): Name = "Value"; Value = "100pF"; VariantName = "[No Variations]"
Added Component: Designator=C?(C0603)
Add component. Clean all parameters for all variants
Add component (AddParameter): Name = "LatestRevisionDate"; Value = "17-Jul-2002"; VariantName = "[No Variations]"
Add component (AddParameter): Name = "LatestRevisionNote"; Value = "Re-released for DXP Platform."; VariantName = "[No Variations]"
Add component (AddParameter): Name = "PackageDescription"; Value = "Radial Cap, Thru-Hole; 2 Leads; 0.3 in Pin Spacing"; VariantName = "[No Variations]"
Add component (AddParameter): Name = "PackageReference"; Value = "RAD-0.3"; VariantName = "[No Variations]"
Add component (AddParameter): Name = "Published"; Value = "8-Jun-2000"; VariantName = "[No Variations]"
Add component (AddParameter): Name = "Publisher"; Value = "Altium Limited"; VariantName = "[No Variations]"
Add component (AddParameter): Name = "Value"; Value = "100pF"; VariantName = "[No Variations]"
Added Component: Designator=C?(C0603)
Add component. Clean all parameters for all variants
Add component (AddParameter): Name = "LatestRevisionDate"; Value = "17-Jul-2002"; VariantName = "[No Variations]"
Add component (AddParameter): Name = "LatestRevisionNote"; Value = "Re-released for DXP Platform."; VariantName = "[No Variations]"
Add component (AddParameter): Name = "PackageDescription"; Value = "Radial Cap, Thru-Hole; 2 Leads; 0.3 in Pin Spacing"; VariantName = "[No Variations]"
Add component (AddParameter): Name = "PackageReference"; Value = "RAD-0.3"; VariantName = "[No Variations]"
Add component (AddParameter): Name = "Published"; Value = "8-Jun-2000"; VariantName = "[No Variations]"
Add component (AddParameter): Name = "Publisher"; Value = "Altium Limited"; VariantName = "[No Variations]"
Add component (AddParameter): Name = "Value"; Value = "100pF"; VariantName = "[No Variations]"
Added Component: Designator=P?(HDR1X4)
Add component. Clean all parameters for all variants
Add component (AddParameter): Name = "LatestRevisionDate"; Value = "17-Jul-2002"; VariantName = "[No Variations]"
Add component (AddParameter): Name = "LatestRevisionNote"; Value = "Re-released for DXP Platform."; VariantName = "[No Variations]"
Add component (AddParameter): Name = "Publisher"; Value = "Altium Limited"; VariantName = "[No Variations]"
Added Component: Designator=P?(HDR1X3)
Add component. Clean all parameters for all variants
Add component (AddParameter): Name = "LatestRevisionDate"; Value = "17-Jul-2002"; VariantName = "[No Variations]"
Add component (AddParameter): Name = "LatestRevisionNote"; Value = "Re-released for DXP Platform."; VariantName = "[No Variations]"
Add component (AddParameter): Name = "Publisher"; Value = "Altium Limited"; VariantName = "[No Variations]"
Added Component: Designator=R?(R0603)
Add component. Clean all parameters for all variants
Add component (AddParameter): Name = "LatestRevisionDate"; Value = "17-Jul-2002"; VariantName = "[No Variations]"
Add component (AddParameter): Name = "LatestRevisionNote"; Value = "Re-released for DXP Platform."; VariantName = "[No Variations]"
Add component (AddParameter): Name = "PackageDescription"; Value = "Axial Device, Thru-Hole; 2 Leads; 0.4 in Pin Spacing"; VariantName = "[No Variations]"
Add component (AddParameter): Name = "PackageReference"; Value = "AXIAL-0.4"; VariantName = "[No Variations]"
Add component (AddParameter): Name = "Published"; Value = "8-Jun-2000"; VariantName = "[No Variations]"
Add component (AddParameter): Name = "Publisher"; Value = "Altium Limited"; VariantName = "[No Variations]"
Add component (AddParameter): Name = "Value"; Value = "1K"; VariantName = "[No Variations]"
Added Component: Designator=R?(R0603)
Add component. Clean all parameters for all variants
Add component (AddParameter): Name = "LatestRevisionDate"; Value = "17-Jul-2002"; VariantName = "[No Variations]"
Add component (AddParameter): Name = "LatestRevisionNote"; Value = "Re-released for DXP Platform."; VariantName = "[No Variations]"
Add component (AddParameter): Name = "PackageDescription"; Value = "Axial Device, Thru-Hole; 2 Leads; 0.4 in Pin Spacing"; VariantName = "[No Variations]"
Add component (AddParameter): Name = "PackageReference"; Value = "AXIAL-0.4"; VariantName = "[No Variations]"
Add component (AddParameter): Name = "Published"; Value = "8-Jun-2000"; VariantName = "[No Variations]"
Add component (AddParameter): Name = "Publisher"; Value = "Altium Limited"; VariantName = "[No Variations]"
Add component (AddParameter): Name = "Value"; Value = "1K"; VariantName = "[No Variations]"
Added Component: Designator=R?(R0603)
Add component. Clean all parameters for all variants
Add component (AddParameter): Name = "LatestRevisionDate"; Value = "17-Jul-2002"; VariantName = "[No Variations]"
Add component (AddParameter): Name = "LatestRevisionNote"; Value = "Re-released for DXP Platform."; VariantName = "[No Variations]"
Add component (AddParameter): Name = "PackageDescription"; Value = "Axial Device, Thru-Hole; 2 Leads; 0.4 in Pin Spacing"; VariantName = "[No Variations]"
Add component (AddParameter): Name = "PackageReference"; Value = "AXIAL-0.4"; VariantName = "[No Variations]"
Add component (AddParameter): Name = "Published"; Value = "8-Jun-2000"; VariantName = "[No Variations]"
Add component (AddParameter): Name = "Publisher"; Value = "Altium Limited"; VariantName = "[No Variations]"
Add component (AddParameter): Name = "Value"; Value = "1K"; VariantName = "[No Variations]"
Added Component: Designator=R?(R0603)
Add component. Clean all parameters for all variants
Add component (AddParameter): Name = "LatestRevisionDate"; Value = "17-Jul-2002"; VariantName = "[No Variations]"
Add component (AddParameter): Name = "LatestRevisionNote"; Value = "Re-released for DXP Platform."; VariantName = "[No Variations]"
Add component (AddParameter): Name = "PackageDescription"; Value = "Axial Device, Thru-Hole; 2 Leads; 0.4 in Pin Spacing"; VariantName = "[No Variations]"
Add component (AddParameter): Name = "PackageReference"; Value = "AXIAL-0.4"; VariantName = "[No Variations]"
Add component (AddParameter): Name = "Published"; Value = "8-Jun-2000"; VariantName = "[No Variations]"
Add component (AddParameter): Name = "Publisher"; Value = "Altium Limited"; VariantName = "[No Variations]"
Add component (AddParameter): Name = "Value"; Value = "1K"; VariantName = "[No Variations]"
Added Component: Designator=R?(R0603)
Add component. Clean all parameters for all variants
Add component (AddParameter): Name = "LatestRevisionDate"; Value = "17-Jul-2002"; VariantName = "[No Variations]"
Add component (AddParameter): Name = "LatestRevisionNote"; Value = "Re-released for DXP Platform."; VariantName = "[No Variations]"
Add component (AddParameter): Name = "PackageDescription"; Value = "Axial Device, Thru-Hole; 2 Leads; 0.4 in Pin Spacing"; VariantName = "[No Variations]"
Add component (AddParameter): Name = "PackageReference"; Value = "AXIAL-0.4"; VariantName = "[No Variations]"
Add component (AddParameter): Name = "Published"; Value = "8-Jun-2000"; VariantName = "[No Variations]"
Add component (AddParameter): Name = "Publisher"; Value = "Altium Limited"; VariantName = "[No Variations]"
Add component (AddParameter): Name = "Value"; Value = "1K"; VariantName = "[No Variations]"
Added Component: Designator=R?(R0603)
Add component. Clean all parameters for all variants
Add component (AddParameter): Name = "LatestRevisionDate"; Value = "17-Jul-2002"; VariantName = "[No Variations]"
Add component (AddParameter): Name = "LatestRevisionNote"; Value = "Re-released for DXP Platform."; VariantName = "[No Variations]"
Add component (AddParameter): Name = "PackageDescription"; Value = "Axial Device, Thru-Hole; 2 Leads; 0.4 in Pin Spacing"; VariantName = "[No Variations]"
Add component (AddParameter): Name = "PackageReference"; Value = "AXIAL-0.4"; VariantName = "[No Variations]"
Add component (AddParameter): Name = "Published"; Value = "8-Jun-2000"; VariantName = "[No Variations]"
Add component (AddParameter): Name = "Publisher"; Value = "Altium Limited"; VariantName = "[No Variations]"
Add component (AddParameter): Name = "Value"; Value = "1K"; VariantName = "[No Variations]"
Added Component: Designator=R?(R0603)
Add component. Clean all parameters for all variants
Add component (AddParameter): Name = "LatestRevisionDate"; Value = "17-Jul-2002"; VariantName = "[No Variations]"
Add component (AddParameter): Name = "LatestRevisionNote"; Value = "Re-released for DXP Platform."; VariantName = "[No Variations]"
Add component (AddParameter): Name = "PackageDescription"; Value = "Axial Device, Thru-Hole; 2 Leads; 0.4 in Pin Spacing"; VariantName = "[No Variations]"
Add component (AddParameter): Name = "PackageReference"; Value = "AXIAL-0.4"; VariantName = "[No Variations]"
Add component (AddParameter): Name = "Published"; Value = "8-Jun-2000"; VariantName = "[No Variations]"
Add component (AddParameter): Name = "Publisher"; Value = "Altium Limited"; VariantName = "[No Variations]"
Add component (AddParameter): Name = "Value"; Value = "1K"; VariantName = "[No Variations]"
Added Component: Designator=R?(R0603)
Add component. Clean all parameters for all variants
Add component (AddParameter): Name = "LatestRevisionDate"; Value = "17-Jul-2002"; VariantName = "[No Variations]"
Add component (AddParameter): Name = "LatestRevisionNote"; Value = "Re-released for DXP Platform."; VariantName = "[No Variations]"
Add component (AddParameter): Name = "PackageDescription"; Value = "Axial Device, Thru-Hole; 2 Leads; 0.4 in Pin Spacing"; VariantName = "[No Variations]"
Add component (AddParameter): Name = "PackageReference"; Value = "AXIAL-0.4"; VariantName = "[No Variations]"
Add component (AddParameter): Name = "Published"; Value = "8-Jun-2000"; VariantName = "[No Variations]"
Add component (AddParameter): Name = "Publisher"; Value = "Altium Limited"; VariantName = "[No Variations]"
Add component (AddParameter): Name = "Value"; Value = "1K"; VariantName = "[No Variations]"
Added Component: Designator=R?(R0603)
Add component. Clean all parameters for all variants
Add component (AddParameter): Name = "LatestRevisionDate"; Value = "17-Jul-2002"; VariantName = "[No Variations]"
Add component (AddParameter): Name = "LatestRevisionNote"; Value = "Re-released for DXP Platform."; VariantName = "[No Variations]"
Add component (AddParameter): Name = "PackageDescription"; Value = "Axial Device, Thru-Hole; 2 Leads; 0.4 in Pin Spacing"; VariantName = "[No Variations]"
Add component (AddParameter): Name = "PackageReference"; Value = "AXIAL-0.4"; VariantName = "[No Variations]"
Add component (AddParameter): Name = "Published"; Value = "8-Jun-2000"; VariantName = "[No Variations]"
Add component (AddParameter): Name = "Publisher"; Value = "Altium Limited"; VariantName = "[No Variations]"
Add component (AddParameter): Name = "Value"; Value = "1K"; VariantName = "[No Variations]"
Added Component: Designator=R?(R0603)
Add component. Clean all parameters for all variants
Add component (AddParameter): Name = "LatestRevisionDate"; Value = "17-Jul-2002"; VariantName = "[No Variations]"
Add component (AddParameter): Name = "LatestRevisionNote"; Value = "Re-released for DXP Platform."; VariantName = "[No Variations]"
Add component (AddParameter): Name = "PackageDescription"; Value = "Axial Device, Thru-Hole; 2 Leads; 0.4 in Pin Spacing"; VariantName = "[No Variations]"
Add component (AddParameter): Name = "PackageReference"; Value = "AXIAL-0.4"; VariantName = "[No Variations]"
Add component (AddParameter): Name = "Published"; Value = "8-Jun-2000"; VariantName = "[No Variations]"
Add component (AddParameter): Name = "Publisher"; Value = "Altium Limited"; VariantName = "[No Variations]"
Add component (AddParameter): Name = "Value"; Value = "1K"; VariantName = "[No Variations]"
Added Component: Designator=R?(R0603)
Add component. Clean all parameters for all variants
Add component (AddParameter): Name = "LatestRevisionDate"; Value = "17-Jul-2002"; VariantName = "[No Variations]"
Add component (AddParameter): Name = "LatestRevisionNote"; Value = "Re-released for DXP Platform."; VariantName = "[No Variations]"
Add component (AddParameter): Name = "PackageDescription"; Value = "Axial Device, Thru-Hole; 2 Leads; 0.4 in Pin Spacing"; VariantName = "[No Variations]"
Add component (AddParameter): Name = "PackageReference"; Value = "AXIAL-0.4"; VariantName = "[No Variations]"
Add component (AddParameter): Name = "Published"; Value = "8-Jun-2000"; VariantName = "[No Variations]"
Add component (AddParameter): Name = "Publisher"; Value = "Altium Limited"; VariantName = "[No Variations]"
Add component (AddParameter): Name = "Value"; Value = "1K"; VariantName = "[No Variations]"
Added Component: Designator=R?(R0603)
Add component. Clean all parameters for all variants
Add component (AddParameter): Name = "LatestRevisionDate"; Value = "17-Jul-2002"; VariantName = "[No Variations]"
Add component (AddParameter): Name = "LatestRevisionNote"; Value = "Re-released for DXP Platform."; VariantName = "[No Variations]"
Add component (AddParameter): Name = "PackageDescription"; Value = "Axial Device, Thru-Hole; 2 Leads; 0.4 in Pin Spacing"; VariantName = "[No Variations]"
Add component (AddParameter): Name = "PackageReference"; Value = "AXIAL-0.4"; VariantName = "[No Variations]"
Add component (AddParameter): Name = "Published"; Value = "8-Jun-2000"; VariantName = "[No Variations]"
Add component (AddParameter): Name = "Publisher"; Value = "Altium Limited"; VariantName = "[No Variations]"
Add component (AddParameter): Name = "Value"; Value = "1K"; VariantName = "[No Variations]"
Added Component: Designator=R?(R0603)
Add component. Clean all parameters for all variants
Add component (AddParameter): Name = "LatestRevisionDate"; Value = "17-Jul-2002"; VariantName = "[No Variations]"
Add component (AddParameter): Name = "LatestRevisionNote"; Value = "Re-released for DXP Platform."; VariantName = "[No Variations]"
Add component (AddParameter): Name = "PackageDescription"; Value = "Axial Device, Thru-Hole; 2 Leads; 0.4 in Pin Spacing"; VariantName = "[No Variations]"
Add component (AddParameter): Name = "PackageReference"; Value = "AXIAL-0.4"; VariantName = "[No Variations]"
Add component (AddParameter): Name = "Published"; Value = "8-Jun-2000"; VariantName = "[No Variations]"
Add component (AddParameter): Name = "Publisher"; Value = "Altium Limited"; VariantName = "[No Variations]"
Add component (AddParameter): Name = "Value"; Value = "1K"; VariantName = "[No Variations]"
Added Component: Designator=U?(INF-PG-TO263-7-1_L - Cloned)
Add component. Clean all parameters for all variants
Added Component: Designator=U?(INF-PG-TO263-7-1_L - Cloned)
Add component. Clean all parameters for all variants
Added Component: Designator=U?(TSSOP-14)
Add component. Clean all parameters for all variants
Added Component: Designator=U?(TSSOP-14)
Add component. Clean all parameters for all variants
Added Component: Designator=U?(TSSOP-14)
Add component. Clean all parameters for all variants
Added Component: Designator=U?(TSSOP-14)
Add component. Clean all parameters for all variants
Added Component: Designator=U?(TSSOP-14)
Add component. Clean all parameters for all variants
Added Pin To Net: NetName=GND Pin=C?-1
Added Pin To Net: NetName=GND Pin=C?-1
Added Pin To Net: NetName=GND Pin=C?-1
Added Pin To Net: NetName=GND Pin=C?-1
Added Pin To Net: NetName=GND Pin=C?-1
Added Pin To Net: NetName=7.4V Pin=C?-2
Added Pin To Net: NetName=7.4V Pin=C?-2
Added Pin To Net: NetName=steer_5V Pin=C?-2
Added Pin To Net: NetName=3.3V Pin=P?-1
Added Pin To Net: NetName=steer_5V Pin=P?-2
Added Pin To Net: NetName=TX Pin=P?-2
Added Pin To Net: NetName=GND Pin=P?-3
Added Pin To Net: NetName=RX Pin=P?-3
Added Pin To Net: NetName=GND Pin=P?-4
Added Pin To Net: NetName=B_LED Pin=R?-1
Added Pin To Net: NetName=CH1 Pin=R?-1
Added Pin To Net: NetName=CH2 Pin=R?-1
Added Pin To Net: NetName=F_LED Pin=R?-1
Added Pin To Net: NetName=GND Pin=R?-1
Added Pin To Net: NetName=L_LED Pin=R?-1
Added Pin To Net: NetName=R_LED Pin=R?-1
Added Pin To Net: NetName=GND Pin=R?-2
Added Pin To Net: NetName=GND Pin=R?-2
Added Pin To Net: NetName=GND Pin=R?-2
Added Pin To Net: NetName=GND Pin=R?-2
Added Pin To Net: NetName=GND Pin=U?-1
Added Pin To Net: NetName=GND Pin=U?-1
Added Pin To Net: NetName=GND Pin=U?-1
Added Pin To Net: NetName=GND Pin=U?-2
Added Pin To Net: NetName=GND Pin=U?-4
Added Pin To Net: NetName=7.4V Pin=U?-7
Added Pin To Net: NetName=7.4V Pin=U?-7
Added Pin To Net: NetName=GND Pin=U?-7
Added Pin To Net: NetName=GND Pin=U?-10
Added Pin To Net: NetName=GND Pin=U?-13
Added Pin To Net: NetName=5V Pin=U?-14
Added Pin To Net: NetName=acc_PWM Pin=P?-1
Added Pin To Net: NetName=acc_PWM Pin=U7-46
Added Net: Name=acc_PWM
Added Pin To Net: NetName=ADC1 Pin=C?-2
Added Pin To Net: NetName=ADC1 Pin=R?-1
Added Pin To Net: NetName=ADC1 Pin=U7-15
Added Net: Name=ADC1
Added Pin To Net: NetName=ADC2 Pin=C?-2
Added Pin To Net: NetName=ADC2 Pin=R?-2
Added Pin To Net: NetName=ADC2 Pin=U7-14
Added Net: Name=ADC2
Added Pin To Net: NetName=EN Pin=U?-3
Added Pin To Net: NetName=EN Pin=U?-3
Added Pin To Net: NetName=EN Pin=U?-6
Added Net: Name=EN
Added Pin To Net: NetName=NetB?_1 Pin=B?-1
Added Pin To Net: NetName=NetB?_1 Pin=U?-4
Added Pin To Net: NetName=NetB?_1 Pin=U?-8
Added Net: Name=NetB?_1
Added Pin To Net: NetName=NetB?_2 Pin=B?-2
Added Pin To Net: NetName=NetB?_2 Pin=U?-4
Added Pin To Net: NetName=NetB?_2 Pin=U?-8
Added Net: Name=NetB?_2
Added Pin To Net: NetName=NetQ3_1 Pin=Q3-1
Added Pin To Net: NetName=NetQ3_1 Pin=R7-1
Added Pin To Net: NetName=NetQ3_1 Pin=R?-2
Added Net: Name=NetQ3_1
Added Pin To Net: NetName=NetQ4_1 Pin=Q4-1
Added Pin To Net: NetName=NetQ4_1 Pin=R8-1
Added Pin To Net: NetName=NetQ4_1 Pin=R?-2
Added Net: Name=NetQ4_1
Added Pin To Net: NetName=NetQ5_1 Pin=Q5-1
Added Pin To Net: NetName=NetQ5_1 Pin=R9-1
Added Pin To Net: NetName=NetQ5_1 Pin=R?-2
Added Net: Name=NetQ5_1
Added Pin To Net: NetName=NetQ6_1 Pin=Q6-1
Added Pin To Net: NetName=NetQ6_1 Pin=R10-1
Added Pin To Net: NetName=NetQ6_1 Pin=R?-2
Added Net: Name=NetQ6_1
Added Pin To Net: NetName=NetR?_1 Pin=R?-1
Added Pin To Net: NetName=NetR?_1 Pin=R?-2
Added Pin To Net: NetName=NetR?_1 Pin=U?-6
Added Net: Name=NetR?_1
Added Pin To Net: NetName=NetR?_2 Pin=R?-2
Added Pin To Net: NetName=NetR?_2 Pin=U?-9
Added Net: Name=NetR?_2
Added Pin To Net: NetName=PWMA Pin=U?-2
Added Pin To Net: NetName=PWMA Pin=U?-11
Added Net: Name=PWMA
Added Pin To Net: NetName=PWMB Pin=U?-2
Added Pin To Net: NetName=PWMB Pin=U?-8
Added Net: Name=PWMB
Added Member To Class: ClassName=driver Member=Component B? Motor
Added Member To Class: ClassName=driver Member=Component C? 0.1uF
Added Member To Class: ClassName=driver Member=Component C? 0.1uF
Added Member To Class: ClassName=driver Member=Component C? 4.7uF/16V
Added Member To Class: ClassName=driver Member=Component C? 4.7uF/16V
Added Member To Class: ClassName=driver Member=Component C? 10uF
Added Member To Class: ClassName=driver Member=Component P? Header 4
Added Member To Class: ClassName=driver Member=Component P? Header 3
Added Member To Class: ClassName=driver Member=Component R? 1K
Added Member To Class: ClassName=driver Member=Component R? 1K
Added Member To Class: ClassName=driver Member=Component R? 1K
Added Member To Class: ClassName=driver Member=Component R? 1K
Added Member To Class: ClassName=driver Member=Component R? 510R
Added Member To Class: ClassName=driver Member=Component R? 510R
Added Member To Class: ClassName=driver Member=Component R? 510R
Added Member To Class: ClassName=driver Member=Component R? 510R
Added Member To Class: ClassName=driver Member=Component R? 1K
Added Member To Class: ClassName=driver Member=Component R? 1K
Added Member To Class: ClassName=driver Member=Component R? 4.7K
Added Member To Class: ClassName=driver Member=Component R? 4.7K
Added Member To Class: ClassName=driver Member=Component R? 4.7K
Added Member To Class: ClassName=driver Member=Component U? BTN7971B
Added Member To Class: ClassName=driver Member=Component U? BTN7971B
Added Member To Class: ClassName=driver Member=Component U? SN74LV125A-PW
Added Member To Class: ClassName=driver Member=Component U? SN74LV125A-PW
Added Member To Class: ClassName=driver Member=Component U? SN74LV125A-PW
Added Member To Class: ClassName=driver Member=Component U? SN74LV125A-PW
Added Member To Class: ClassName=driver Member=Component U? SN74LV125A-PW
Added Room: Name=driver
Added Room: Name=power
Added Room: Name=SCX10
